Using pre-set license
Built from '2022.3/staging' branch; Version is '2022.3.17f1 (4fc78088f837) revision 5228416'; Using compiler version '192829333'; Build Type 'Release'
OS: 'Windows 11  (10.0.22621) 64bit Core' Language: 'ru' Physical Memory: 15741 MB
BatchMode: 1, IsHumanControllingUs: 0, StartBugReporterOnCrash: 0, Is64bit: 1, IsPro: 1

COMMAND LINE ARGUMENTS:
C:\Program Files\Unity\Hub\Editor\2022.3.17f1\Editor\Unity.exe
-adb2
-batchMode
-noUpm
-name
AssetImportWorker0
-projectPath
D:/UnityProjects/Clock/Clock
-logFile
Logs/AssetImportWorker0.log
-srvPort
54764
Successfully changed project path to: D:/UnityProjects/Clock/Clock
D:/UnityProjects/Clock/Clock
[UnityMemory] Configuration Parameters - Can be set up in boot.config
    "memorysetup-bucket-allocator-granularity=16"
    "memorysetup-bucket-allocator-bucket-count=8"
    "memorysetup-bucket-allocator-block-size=33554432"
    "memorysetup-bucket-allocator-block-count=8"
    "memorysetup-main-allocator-block-size=16777216"
    "memorysetup-thread-allocator-block-size=16777216"
    "memorysetup-gfx-main-allocator-block-size=16777216"
    "memorysetup-gfx-thread-allocator-block-size=16777216"
    "memorysetup-cache-allocator-block-size=4194304"
    "memorysetup-typetree-allocator-block-size=2097152"
    "memorysetup-profiler-bucket-allocator-granularity=16"
    "memorysetup-profiler-bucket-allocator-bucket-count=8"
    "memorysetup-profiler-bucket-allocator-block-size=33554432"
    "memorysetup-profiler-bucket-allocator-block-count=8"
    "memorysetup-profiler-allocator-block-size=16777216"
    "memorysetup-profiler-editor-allocator-block-size=1048576"
    "memorysetup-temp-allocator-size-main=16777216"
    "memorysetup-job-temp-allocator-block-size=2097152"
    "memorysetup-job-temp-allocator-block-size-background=1048576"
    "memorysetup-job-temp-allocator-reduction-small-platforms=262144"
    "memorysetup-allocator-temp-initial-block-size-main=262144"
    "memorysetup-allocator-temp-initial-block-size-worker=262144"
    "memorysetup-temp-allocator-size-background-worker=32768"
    "memorysetup-temp-allocator-size-job-worker=262144"
    "memorysetup-temp-allocator-size-preload-manager=33554432"
    "memorysetup-temp-allocator-size-nav-mesh-worker=65536"
    "memorysetup-temp-allocator-size-audio-worker=65536"
    "memorysetup-temp-allocator-size-cloud-worker=32768"
    "memorysetup-temp-allocator-size-gi-baking-worker=262144"
    "memorysetup-temp-allocator-size-gfx=262144"
Player connection [14908] Host "[IP] 192.168.1.108 [Port] 0 [Flags] 2 [Guid] 4231611407 [EditorId] 4231611407 [Version] 1048832 [Id] WindowsEditor(7,MAIBENBEN-PC) [Debug] 1 [PackageName] WindowsEditor [ProjectName] Editor" joined multi-casting on [225.0.0.222:54997]...

Player connection [14908] Host "[IP] 192.168.1.108 [Port] 0 [Flags] 2 [Guid] 4231611407 [EditorId] 4231611407 [Version] 1048832 [Id] WindowsEditor(7,MAIBENBEN-PC) [Debug] 1 [PackageName] WindowsEditor [ProjectName] Editor" joined alternative multi-casting on [225.0.0.222:34997]...

[Physics::Module] Initialized MultithreadedJobDispatcher with 3 workers.
Refreshing native plugins compatible for Editor in 11.85 ms, found 4 plugins.
Preloading 0 native plugins for Editor in 0.00 ms.
Initialize engine version: 2022.3.17f1 (4fc78088f837)
[Subsystems] Discovering subsystems at path C:/Program Files/Unity/Hub/Editor/2022.3.17f1/Editor/Data/Resources/UnitySubsystems
[Subsystems] Discovering subsystems at path D:/UnityProjects/Clock/Clock/Assets
GfxDevice: creating device client; threaded=0; jobified=0
Direct3D:
    Version:  Direct3D 11.0 [level 11.1]
    Renderer: AMD Radeon(TM) Graphics (ID=0x1636)
    Vendor:   ATI
    VRAM:     7870 MB
    Driver:   31.0.21905.1001
Initialize mono
Mono path[0] = 'C:/Program Files/Unity/Hub/Editor/2022.3.17f1/Editor/Data/Managed'
Mono path[1] = 'C:/Program Files/Unity/Hub/Editor/2022.3.17f1/Editor/Data/MonoBleedingEdge/lib/mono/unityjit-win32'
Mono config path = 'C:/Program Files/Unity/Hub/Editor/2022.3.17f1/Editor/Data/MonoBleedingEdge/etc'
Using monoOptions --debugger-agent=transport=dt_socket,embedding=1,server=y,suspend=n,address=127.0.0.1:56772
Begin MonoManager ReloadAssembly
Registering precompiled unity dll's ...
Register platform support module: C:/Program Files/Unity/Hub/Editor/2022.3.17f1/Editor/Data/PlaybackEngines/WebGLSupport/UnityEditor.WebGL.Extensions.dll
Register platform support module: C:/Program Files/Unity/Hub/Editor/2022.3.17f1/Editor/Data/PlaybackEngines/WindowsStandaloneSupport/UnityEditor.WindowsStandalone.Extensions.dll
Registered in 0.020242 seconds.
- Loaded All Assemblies, in  0.813 seconds
Native extension for WindowsStandalone target not found
Native extension for WebGL target not found
Mono: successfully reloaded assembly
- Finished resetting the current domain, in  0.411 seconds
Domain Reload Profiling: 1223ms
	BeginReloadAssembly (214ms)
		ExecutionOrderSort (0ms)
		DisableScriptedObjects (0ms)
		BackupInstance (0ms)
		ReleaseScriptingObjects (0ms)
		CreateAndSetChildDomain (1ms)
	RebuildCommonClasses (82ms)
	RebuildNativeTypeToScriptingClass (32ms)
	initialDomainReloadingComplete (172ms)
	LoadAllAssembliesAndSetupDomain (311ms)
		LoadAssemblies (216ms)
		RebuildTransferFunctionScriptingTraits (0ms)
		AnalyzeDomain (304ms)
			TypeCache.Refresh (301ms)
				TypeCache.ScanAssembly (281ms)
			ScanForSourceGeneratedMonoScriptInfo (1ms)
			ResolveRequiredComponents (1ms)
	FinalizeReload (412ms)
		ReleaseScriptCaches (0ms)
		RebuildScriptCaches (0ms)
		SetupLoadedEditorAssemblies (310ms)
			LogAssemblyErrors (0ms)
			InitializePlatformSupportModulesInManaged (15ms)
			SetLoadedEditorAssemblies (8ms)
			RefreshPlugins (0ms)
			BeforeProcessingInitializeOnLoad (4ms)
			ProcessInitializeOnLoadAttributes (214ms)
			ProcessInitializeOnLoadMethodAttributes (68ms)
			AfterProcessingInitializeOnLoad (0ms)
			EditorAssembliesLoaded (0ms)
		ExecutionOrderSort2 (0ms)
		AwakeInstancesAfterBackupRestoration (0ms)
========================================================================
Worker process is ready to serve import requests
Begin MonoManager ReloadAssembly
- Loaded All Assemblies, in  0.919 seconds
Refreshing native plugins compatible for Editor in 2.72 ms, found 4 plugins.
Native extension for WindowsStandalone target not found
Native extension for WebGL target not found
Package Manager log level set to [2]
[Package Manager] Server::EnsureServerProcessIsRunning -- launch failed, reason: Unity was launched with the -noUpm command-line argument
[Package Manager] UpmClient::Send -- Unable to send message (not connected to UPM process).
[Package Manager] Cannot connect to Unity Package Manager local server
Mono: successfully reloaded assembly
- Finished resetting the current domain, in  1.126 seconds
Domain Reload Profiling: 2045ms
	BeginReloadAssembly (194ms)
		ExecutionOrderSort (0ms)
		DisableScriptedObjects (9ms)
		BackupInstance (0ms)
		ReleaseScriptingObjects (0ms)
		CreateAndSetChildDomain (30ms)
	RebuildCommonClasses (43ms)
	RebuildNativeTypeToScriptingClass (14ms)
	initialDomainReloadingComplete (53ms)
	LoadAllAssembliesAndSetupDomain (614ms)
		LoadAssemblies (479ms)
		RebuildTransferFunctionScriptingTraits (0ms)
		AnalyzeDomain (241ms)
			TypeCache.Refresh (200ms)
				TypeCache.ScanAssembly (179ms)
			ScanForSourceGeneratedMonoScriptInfo (33ms)
			ResolveRequiredComponents (6ms)
	FinalizeReload (1127ms)
		ReleaseScriptCaches (0ms)
		RebuildScriptCaches (0ms)
		SetupLoadedEditorAssemblies (884ms)
			LogAssemblyErrors (0ms)
			InitializePlatformSupportModulesInManaged (10ms)
			SetLoadedEditorAssemblies (8ms)
			RefreshPlugins (0ms)
			BeforeProcessingInitializeOnLoad (150ms)
			ProcessInitializeOnLoadAttributes (649ms)
			ProcessInitializeOnLoadMethodAttributes (60ms)
			AfterProcessingInitializeOnLoad (6ms)
			EditorAssembliesLoaded (0ms)
		ExecutionOrderSort2 (0ms)
		AwakeInstancesAfterBackupRestoration (9ms)
Launched and connected shader compiler UnityShaderCompiler.exe after 0.06 seconds
Refreshing native plugins compatible for Editor in 3.01 ms, found 4 plugins.
Preloading 0 native plugins for Editor in 0.00 ms.
Unloading 4018 Unused Serialized files (Serialized files now loaded: 0)
Unloading 70 unused Assets / (244.4 KB). Loaded Objects now: 4473.
Memory consumption went from 144.6 MB to 144.4 MB.
Total: 4.523000 ms (FindLiveObjects: 0.443900 ms CreateObjectMapping: 0.176900 ms MarkObjects: 3.603000 ms  DeleteObjects: 0.297500 ms)

AssetImportParameters requested are different than current active one (requested -> active):
  custom:container-demuxer-ogg: 62fdf1f143b41e24485cea50d1cbac27 -> 
  custom:video-codec-MediaFoundation-h265: 746d11721c4dcdbdad8f713fa42b33f4 -> 
  custom:video-decoder-ogg-theora: a1e56fd34408186e4bbccfd4996cb3dc -> 
  custom:framework-win-MediaFoundation: 216162199b28c13a410421893ffa2e32 -> 
  custom:CustomObjectIndexerAttribute: 6d391050e5a25f67b0a2c618074f2cd9 -> 
  custom:container-demuxer-webm: 4f35f7cbe854078d1ac9338744f61a02 -> 
  custom:container-muxer-webm: aa71ff27fc2769a1b78a27578f13a17b -> 
  custom:video-decoder-webm-vp8: 9c59270c3fd7afecdb556c50c9e8de78 -> 
  custom:SearchIndexIgnoredProperties: e643bd26f0fe6173181afceb89e7c659 -> 
  custom:AudioImporter_EditorPlatform: d09bf68614088b80899f8185d706f6e7 -> 
  custom:video-encoder-webm-vp8: eb34c28f22e8b96e1ab97ce403110664 -> 
  custom:audio-decoder-ogg-vorbis: bf7c407c2cedff20999df2af8eb42d56 -> 
  custom:audio-encoder-webm-vorbis: bf7c407c2cedff20999df2af8eb42d56 -> 
========================================================================
Received Import Request.
  Time since last request: 45038.891046 seconds.
  path: Assets/Scenes
  artifactKey: Guid(badea6172433fee41903fb9f527e557d) Importer(815301076,1909f56bfc062723c751e8b465ee728b)
Start importing Assets/Scenes using Guid(badea6172433fee41903fb9f527e557d) Importer(815301076,1909f56bfc062723c751e8b465ee728b)  -> (artifact id: '3082f305b8223e7fd1db1f9595743a53') in 0.004569 seconds
Number of updated asset objects reloaded before import = 0
Number of asset objects unloaded after import = 0
========================================================================
Received Import Request.
  Time since last request: 1798.276384 seconds.
  path: Assets/Readme.asset
  artifactKey: Guid(8105016687592461f977c054a80ce2f2) Importer(815301076,1909f56bfc062723c751e8b465ee728b)
Start importing Assets/Readme.asset using Guid(8105016687592461f977c054a80ce2f2) Importer(815301076,1909f56bfc062723c751e8b465ee728b)  -> (artifact id: '908028dee17e9ce51b2f7d26fb4178f3') in 0.103318 seconds
Number of updated asset objects reloaded before import = 0
Number of asset objects unloaded after import = 2
========================================================================
Received Import Request.
  Time since last request: 0.000057 seconds.
  path: Assets/UniversalRenderPipelineGlobalSettings.asset
  artifactKey: Guid(18dc0cd2c080841dea60987a38ce93fa) Importer(815301076,1909f56bfc062723c751e8b465ee728b)
Start importing Assets/UniversalRenderPipelineGlobalSettings.asset using Guid(18dc0cd2c080841dea60987a38ce93fa) Importer(815301076,1909f56bfc062723c751e8b465ee728b)  -> (artifact id: 'a1ea47cc51155010f9f30e05c0a7e550') in 0.014586 seconds
Number of updated asset objects reloaded before import = 0
Number of asset objects unloaded after import = 1
========================================================================
Received Prepare
Assembly reference Packages/com.voody.unileo/Leopotam.Ecs.asmref has no target assembly definition
Script 'Packages/com.voody.unileo/Runtime/World/Components/InstantiateComponent.cs' will not be compiled because it exists outside the Assets folder and does not to belong to any assembly definition file.
Script 'Packages/com.voody.unileo/Runtime/MonoHelpers/WorldHandler.cs' will not be compiled because it exists outside the Assets folder and does not to belong to any assembly definition file.
Script 'Packages/com.voody.unileo/Runtime/MonoHelpers/IConvertToEntity.cs' will not be compiled because it exists outside the Assets folder and does not to belong to any assembly definition file.
Script 'Packages/com.voody.unileo/Runtime/MonoHelpers/ConvertToEntity.cs' will not be compiled because it exists outside the Assets folder and does not to belong to any assembly definition file.
Script 'Packages/com.voody.unileo/Runtime/MonoHelpers/ConversionSystemExtension.cs' will not be compiled because it exists outside the Assets folder and does not to belong to any assembly definition file.
Script 'Packages/com.voody.unileo/Runtime/MonoHelpers/MonoProvider.cs' will not be compiled because it exists outside the Assets folder and does not to belong to any assembly definition file.
Script 'Packages/com.voody.unileo/Runtime/World/Systems/WorldInitSystem.cs' will not be compiled because it exists outside the Assets folder and does not to belong to any assembly definition file.
Script 'Packages/com.voody.unileo/Runtime/MonoHelpers/BaseMonoProvider.cs' will not be compiled because it exists outside the Assets folder and does not to belong to any assembly definition file.
Assembly reference Packages/com.voody.unileo/Leopotam.Ecs.asmref has no target assembly definition
Script 'Packages/com.voody.unileo/Runtime/World/Components/InstantiateComponent.cs' will not be compiled because it exists outside the Assets folder and does not to belong to any assembly definition file.
Script 'Packages/com.voody.unileo/Runtime/MonoHelpers/WorldHandler.cs' will not be compiled because it exists outside the Assets folder and does not to belong to any assembly definition file.
Script 'Packages/com.voody.unileo/Runtime/MonoHelpers/IConvertToEntity.cs' will not be compiled because it exists outside the Assets folder and does not to belong to any assembly definition file.
Script 'Packages/com.voody.unileo/Runtime/MonoHelpers/ConvertToEntity.cs' will not be compiled because it exists outside the Assets folder and does not to belong to any assembly definition file.
Script 'Packages/com.voody.unileo/Runtime/MonoHelpers/ConversionSystemExtension.cs' will not be compiled because it exists outside the Assets folder and does not to belong to any assembly definition file.
Script 'Packages/com.voody.unileo/Runtime/MonoHelpers/MonoProvider.cs' will not be compiled because it exists outside the Assets folder and does not to belong to any assembly definition file.
Script 'Packages/com.voody.unileo/Runtime/World/Systems/WorldInitSystem.cs' will not be compiled because it exists outside the Assets folder and does not to belong to any assembly definition file.
Script 'Packages/com.voody.unileo/Runtime/MonoHelpers/BaseMonoProvider.cs' will not be compiled because it exists outside the Assets folder and does not to belong to any assembly definition file.
Begin MonoManager ReloadAssembly
- Loaded All Assemblies, in  2.535 seconds
Refreshing native plugins compatible for Editor in 14.36 ms, found 4 plugins.
Native extension for WindowsStandalone target not found
Native extension for WebGL target not found
Assembly reference Packages/com.voody.unileo/Leopotam.Ecs.asmref has no target assembly definition
Script 'Packages/com.voody.unileo/Runtime/World/Components/InstantiateComponent.cs' will not be compiled because it exists outside the Assets folder and does not to belong to any assembly definition file.
Script 'Packages/com.voody.unileo/Runtime/MonoHelpers/WorldHandler.cs' will not be compiled because it exists outside the Assets folder and does not to belong to any assembly definition file.
Script 'Packages/com.voody.unileo/Runtime/MonoHelpers/IConvertToEntity.cs' will not be compiled because it exists outside the Assets folder and does not to belong to any assembly definition file.
Script 'Packages/com.voody.unileo/Runtime/MonoHelpers/ConvertToEntity.cs' will not be compiled because it exists outside the Assets folder and does not to belong to any assembly definition file.
Script 'Packages/com.voody.unileo/Runtime/MonoHelpers/ConversionSystemExtension.cs' will not be compiled because it exists outside the Assets folder and does not to belong to any assembly definition file.
Script 'Packages/com.voody.unileo/Runtime/MonoHelpers/MonoProvider.cs' will not be compiled because it exists outside the Assets folder and does not to belong to any assembly definition file.
Script 'Packages/com.voody.unileo/Runtime/World/Systems/WorldInitSystem.cs' will not be compiled because it exists outside the Assets folder and does not to belong to any assembly definition file.
Script 'Packages/com.voody.unileo/Runtime/MonoHelpers/BaseMonoProvider.cs' will not be compiled because it exists outside the Assets folder and does not to belong to any assembly definition file.
[Package Manager] Server::EnsureServerProcessIsRunning -- launch failed, reason: Unity was launched with the -noUpm command-line argument
[Package Manager] UpmClient::Send -- Unable to send message (not connected to UPM process).
[Package Manager] Cannot connect to Unity Package Manager local server
[ScriptCompilation] NOT recompiling all scripts because this is an import worker process. Reason to compile was: Define symbols changed
Mono: successfully reloaded assembly
- Finished resetting the current domain, in 15.059 seconds
Domain Reload Profiling: 17592ms
	BeginReloadAssembly (948ms)
		ExecutionOrderSort (0ms)
		DisableScriptedObjects (59ms)
		BackupInstance (0ms)
		ReleaseScriptingObjects (0ms)
		CreateAndSetChildDomain (568ms)
	RebuildCommonClasses (79ms)
	RebuildNativeTypeToScriptingClass (93ms)
	initialDomainReloadingComplete (62ms)
	LoadAllAssembliesAndSetupDomain (1350ms)
		LoadAssemblies (995ms)
		RebuildTransferFunctionScriptingTraits (0ms)
		AnalyzeDomain (574ms)
			TypeCache.Refresh (391ms)
				TypeCache.ScanAssembly (177ms)
			ScanForSourceGeneratedMonoScriptInfo (81ms)
			ResolveRequiredComponents (99ms)
	FinalizeReload (15060ms)
		ReleaseScriptCaches (0ms)
		RebuildScriptCaches (0ms)
		SetupLoadedEditorAssemblies (4686ms)
			LogAssemblyErrors (0ms)
			InitializePlatformSupportModulesInManaged (23ms)
			SetLoadedEditorAssemblies (33ms)
			RefreshPlugins (0ms)
			BeforeProcessingInitializeOnLoad (2200ms)
			ProcessInitializeOnLoadAttributes (2265ms)
			ProcessInitializeOnLoadMethodAttributes (146ms)
			AfterProcessingInitializeOnLoad (19ms)
			EditorAssembliesLoaded (0ms)
		ExecutionOrderSort2 (0ms)
		AwakeInstancesAfterBackupRestoration (51ms)
Refreshing native plugins compatible for Editor in 4.30 ms, found 4 plugins.
Preloading 0 native plugins for Editor in 0.00 ms.
Unloading 4953 Unused Serialized files (Serialized files now loaded: 0)
Unloading 96 unused Assets / (4.8 MB). Loaded Objects now: 5372.
Memory consumption went from 183.0 MB to 178.2 MB.
Total: 9.722500 ms (FindLiveObjects: 0.863500 ms CreateObjectMapping: 0.640000 ms MarkObjects: 6.152200 ms  DeleteObjects: 2.063600 ms)

Prepare: number of updated asset objects reloaded= 0
AssetImportParameters requested are different than current active one (requested -> active):
  custom:container-demuxer-ogg: 62fdf1f143b41e24485cea50d1cbac27 -> 
  custom:video-codec-MediaFoundation-h265: 746d11721c4dcdbdad8f713fa42b33f4 -> 
  custom:video-decoder-ogg-theora: a1e56fd34408186e4bbccfd4996cb3dc -> 
  custom:framework-win-MediaFoundation: 216162199b28c13a410421893ffa2e32 -> 
  custom:CustomObjectIndexerAttribute: 6d391050e5a25f67b0a2c618074f2cd9 -> 
  custom:container-demuxer-webm: 4f35f7cbe854078d1ac9338744f61a02 -> 
  custom:container-muxer-webm: aa71ff27fc2769a1b78a27578f13a17b -> 
  custom:video-decoder-webm-vp8: 9c59270c3fd7afecdb556c50c9e8de78 -> 
  custom:SearchIndexIgnoredProperties: e643bd26f0fe6173181afceb89e7c659 -> 
  custom:AudioImporter_EditorPlatform: d09bf68614088b80899f8185d706f6e7 -> 
  custom:video-encoder-webm-vp8: eb34c28f22e8b96e1ab97ce403110664 -> 
  custom:audio-decoder-ogg-vorbis: bf7c407c2cedff20999df2af8eb42d56 -> 
  custom:audio-encoder-webm-vorbis: bf7c407c2cedff20999df2af8eb42d56 -> 
========================================================================
Received Prepare
Assembly reference Packages/com.voody.unileo/Leopotam.Ecs.asmref has no target assembly definition
Script 'Packages/com.voody.unileo/Runtime/World/Components/InstantiateComponent.cs' will not be compiled because it exists outside the Assets folder and does not to belong to any assembly definition file.
Script 'Packages/com.voody.unileo/Runtime/MonoHelpers/WorldHandler.cs' will not be compiled because it exists outside the Assets folder and does not to belong to any assembly definition file.
Script 'Packages/com.voody.unileo/Runtime/MonoHelpers/IConvertToEntity.cs' will not be compiled because it exists outside the Assets folder and does not to belong to any assembly definition file.
Script 'Packages/com.voody.unileo/Runtime/MonoHelpers/ConvertToEntity.cs' will not be compiled because it exists outside the Assets folder and does not to belong to any assembly definition file.
Script 'Packages/com.voody.unileo/Runtime/MonoHelpers/ConversionSystemExtension.cs' will not be compiled because it exists outside the Assets folder and does not to belong to any assembly definition file.
Script 'Packages/com.voody.unileo/Runtime/MonoHelpers/MonoProvider.cs' will not be compiled because it exists outside the Assets folder and does not to belong to any assembly definition file.
Script 'Packages/com.voody.unileo/Runtime/World/Systems/WorldInitSystem.cs' will not be compiled because it exists outside the Assets folder and does not to belong to any assembly definition file.
Script 'Packages/com.voody.unileo/Runtime/MonoHelpers/BaseMonoProvider.cs' will not be compiled because it exists outside the Assets folder and does not to belong to any assembly definition file.
Assembly reference Packages/com.voody.unileo/Leopotam.Ecs.asmref has no target assembly definition
Script 'Packages/com.voody.unileo/Runtime/World/Components/InstantiateComponent.cs' will not be compiled because it exists outside the Assets folder and does not to belong to any assembly definition file.
Script 'Packages/com.voody.unileo/Runtime/MonoHelpers/WorldHandler.cs' will not be compiled because it exists outside the Assets folder and does not to belong to any assembly definition file.
Script 'Packages/com.voody.unileo/Runtime/MonoHelpers/IConvertToEntity.cs' will not be compiled because it exists outside the Assets folder and does not to belong to any assembly definition file.
Script 'Packages/com.voody.unileo/Runtime/MonoHelpers/ConvertToEntity.cs' will not be compiled because it exists outside the Assets folder and does not to belong to any assembly definition file.
Script 'Packages/com.voody.unileo/Runtime/MonoHelpers/ConversionSystemExtension.cs' will not be compiled because it exists outside the Assets folder and does not to belong to any assembly definition file.
Script 'Packages/com.voody.unileo/Runtime/MonoHelpers/MonoProvider.cs' will not be compiled because it exists outside the Assets folder and does not to belong to any assembly definition file.
Script 'Packages/com.voody.unileo/Runtime/World/Systems/WorldInitSystem.cs' will not be compiled because it exists outside the Assets folder and does not to belong to any assembly definition file.
Script 'Packages/com.voody.unileo/Runtime/MonoHelpers/BaseMonoProvider.cs' will not be compiled because it exists outside the Assets folder and does not to belong to any assembly definition file.
Begin MonoManager ReloadAssembly
- Loaded All Assemblies, in  4.960 seconds
Refreshing native plugins compatible for Editor in 6.69 ms, found 4 plugins.
Native extension for WindowsStandalone target not found
Native extension for WebGL target not found
Assembly reference Packages/com.voody.unileo/Leopotam.Ecs.asmref has no target assembly definition
Script 'Packages/com.voody.unileo/Runtime/World/Components/InstantiateComponent.cs' will not be compiled because it exists outside the Assets folder and does not to belong to any assembly definition file.
Script 'Packages/com.voody.unileo/Runtime/MonoHelpers/WorldHandler.cs' will not be compiled because it exists outside the Assets folder and does not to belong to any assembly definition file.
Script 'Packages/com.voody.unileo/Runtime/MonoHelpers/IConvertToEntity.cs' will not be compiled because it exists outside the Assets folder and does not to belong to any assembly definition file.
Script 'Packages/com.voody.unileo/Runtime/MonoHelpers/ConvertToEntity.cs' will not be compiled because it exists outside the Assets folder and does not to belong to any assembly definition file.
Script 'Packages/com.voody.unileo/Runtime/MonoHelpers/ConversionSystemExtension.cs' will not be compiled because it exists outside the Assets folder and does not to belong to any assembly definition file.
Script 'Packages/com.voody.unileo/Runtime/MonoHelpers/MonoProvider.cs' will not be compiled because it exists outside the Assets folder and does not to belong to any assembly definition file.
Script 'Packages/com.voody.unileo/Runtime/World/Systems/WorldInitSystem.cs' will not be compiled because it exists outside the Assets folder and does not to belong to any assembly definition file.
Script 'Packages/com.voody.unileo/Runtime/MonoHelpers/BaseMonoProvider.cs' will not be compiled because it exists outside the Assets folder and does not to belong to any assembly definition file.
* Assertion at C:\build\output\Unity-Technologies\mono\mono\mini\mini.c:2259, condition `code' not met

Crash!!!
SymInit: Symbol-SearchPath: 'C:/Program Files/Unity/Hub/Editor/2022.3.17f1/Editor/Data/Mono;.;D:\UnityProjects\Clock\Clock;D:\UnityProjects\Clock\Clock\Library\BurstCache\JIT;C:\Program Files\Unity\Hub\Editor\2022.3.17f1\Editor;C:\Windows;C:\Windows\system32;', symOptions: 534, UserName: 'Maksim'
OS-Version: 10.0.0
C:\Program Files\Unity\Hub\Editor\2022.3.17f1\Editor\Unity.exe:Unity.exe (00007FF660E50000), size: 82321408 (result: 0), SymType: '-deferred-', PDB: '', fileVersion: 2022.3.17.51072
C:\Windows\SYSTEM32\ntdll.dll:ntdll.dll (00007FFA95BB0000), size: 2191360 (result: 0), SymType: '-deferred-', PDB: '', fileVersion: 10.0.22621.2506
C:\Windows\System32\KERNEL32.DLL:KERNEL32.DLL (00007FFA94F10000), size: 802816 (result: 0), SymType: '-deferred-', PDB: '', fileVersion: 10.0.22621.2506
C:\Windows\System32\KERNELBASE.dll:KERNELBASE.dll (00007FFA92EF0000), size: 3825664 (result: 0), SymType: '-deferred-', PDB: '', fileVersion: 10.0.22621.2792
C:\Windows\System32\CRYPT32.dll:CRYPT32.dll (00007FFA932A0000), size: 1466368 (result: 0), SymType: '-deferred-', PDB: '', fileVersion: 10.0.22621.2506
C:\Windows\System32\ucrtbase.dll:ucrtbase.dll (00007FFA93580000), size: 1118208 (result: 0), SymType: '-deferred-', PDB: '', fileVersion: 10.0.22621.2506
C:\Windows\System32\USER32.dll:USER32.dll (00007FFA954A0000), size: 1761280 (result: 0), SymType: '-deferred-', PDB: '', fileVersion: 10.0.22621.2506
C:\Windows\System32\win32u.dll:win32u.dll (00007FFA93860000), size: 155648 (result: 0), SymType: '-deferred-', PDB: '', fileVersion: 10.0.22621.3007
C:\Windows\System32\GDI32.dll:GDI32.dll (00007FFA95470000), size: 167936 (result: 0), SymType: '-deferred-', PDB: '', fileVersion: 10.0.22621.2792
C:\Windows\System32\gdi32full.dll:gdi32full.dll (00007FFA936A0000), size: 1146880 (result: 0), SymType: '-deferred-', PDB: '', fileVersion: 10.0.22621.2861
C:\Windows\System32\msvcp_win.dll:msvcp_win.dll (00007FFA937C0000), size: 630784 (result: 0), SymType: '-deferred-', PDB: '', fileVersion: 10.0.22621.2506
C:\Windows\System32\ADVAPI32.dll:ADVAPI32.dll (00007FFA94740000), size: 733184 (result: 0), SymType: '-deferred-', PDB: '', fileVersion: 10.0.22621.3007
C:\Windows\System32\msvcrt.dll:msvcrt.dll (00007FFA94800000), size: 684032 (result: 0), SymType: '-deferred-', PDB: '', fileVersion: 7.0.22621.2506
C:\Windows\System32\sechost.dll:sechost.dll (00007FFA95940000), size: 688128 (result: 0), SymType: '-deferred-', PDB: '', fileVersion: 10.0.22621.3007
C:\Windows\System32\bcrypt.dll:bcrypt.dll (00007FFA934D0000), size: 163840 (result: 0), SymType: '-deferred-', PDB: '', fileVersion: 10.0.22621.2506
C:\Windows\System32\RPCRT4.dll:RPCRT4.dll (00007FFA94930000), size: 1142784 (result: 0), SymType: '-deferred-', PDB: '', fileVersion: 10.0.22621.2792
C:\Windows\System32\SHELL32.dll:SHELL32.dll (00007FFA93AE0000), size: 8757248 (result: 0), SymType: '-deferred-', PDB: '', fileVersion: 10.0.22621.3007
C:\Windows\System32\SHLWAPI.dll:SHLWAPI.dll (00007FFA94A50000), size: 385024 (result: 0), SymType: '-deferred-', PDB: '', fileVersion: 10.0.22621.2506
C:\Windows\System32\ole32.dll:ole32.dll (00007FFA944C0000), size: 1703936 (result: 0), SymType: '-deferred-', PDB: '', fileVersion: 10.0.22621.2506
C:\Windows\System32\combase.dll:combase.dll (00007FFA94AB0000), size: 3706880 (result: 0), SymType: '-deferred-', PDB: '', fileVersion: 10.0.22621.2792
C:\Windows\System32\IMM32.dll:IMM32.dll (00007FFA94480000), size: 200704 (result: 0), SymType: '-deferred-', PDB: '', fileVersion: 10.0.22621.2792
C:\Windows\System32\SETUPAPI.dll:SETUPAPI.dll (00007FFA94FF0000), size: 4669440 (result: 0), SymType: '-deferred-', PDB: '', fileVersion: 10.0.22621.2506
C:\Windows\System32\WS2_32.dll:WS2_32.dll (00007FFA95AF0000), size: 462848 (result: 0), SymType: '-deferred-', PDB: '', fileVersion: 10.0.22621.1
C:\Windows\System32\OLEAUT32.dll:OLEAUT32.dll (00007FFA94660000), size: 880640 (result: 0), SymType: '-deferred-', PDB: '', fileVersion: 10.0.22621.2506
C:\Windows\System32\WINTRUST.dll:WINTRUST.dll (00007FFA93890000), size: 438272 (result: 0), SymType: '-deferred-', PDB: '', fileVersion: 10.0.22621.3007
C:\Program Files\Unity\Hub\Editor\2022.3.17f1\Editor\libfbxsdk.dll:libfbxsdk.dll (00007FFA3B7A0000), size: 10067968 (result: 0), SymType: '-deferred-', PDB: '', fileVersion: 2020.3.3.0
C:\Program Files\Unity\Hub\Editor\2022.3.17f1\Editor\s3tcompress.dll:s3tcompress.dll (00007FFA3C810000), size: 180224 (result: 0), SymType: '-deferred-', PDB: ''
C:\Program Files\Unity\Hub\Editor\2022.3.17f1\Editor\etccompress.dll:etccompress.dll (00007FFA2A8F0000), size: 5066752 (result: 0), SymType: '-deferred-', PDB: ''
C:\Program Files\Unity\Hub\Editor\2022.3.17f1\Editor\ispc_texcomp.dll:ispc_texcomp.dll (00007FFA3C140000), size: 1826816 (result: 0), SymType: '-deferred-', PDB: ''
C:\Program Files\Unity\Hub\Editor\2022.3.17f1\Editor\compress_bc7e.dll:compress_bc7e.dll (00007FFA34A30000), size: 1433600 (result: 0), SymType: '-deferred-', PDB: ''
C:\Program Files\Unity\Hub\Editor\2022.3.17f1\Editor\FreeImage.dll:FreeImage.dll (0000000180000000), size: 6582272 (result: 0), SymType: '-deferred-', PDB: '', fileVersion: 3.18.0.0
C:\Program Files\Unity\Hub\Editor\2022.3.17f1\Editor\WinPixEventRuntime.dll:WinPixEventRuntime.dll (00007FFA79F30000), size: 45056 (result: 0), SymType: '-deferred-', PDB: '', fileVersion: 1.0.1812.6001
C:\Program Files\Unity\Hub\Editor\2022.3.17f1\Editor\umbraoptimizer64.dll:umbraoptimizer64.dll (00007FFA3B670000), size: 1187840 (result: 0), SymType: '-deferred-', PDB: ''
C:\Windows\SYSTEM32\OPENGL32.dll:OPENGL32.dll (00007FFA5ECE0000), size: 1048576 (result: 0), SymType: '-deferred-', PDB: '', fileVersion: 10.0.22621.2506
C:\Windows\SYSTEM32\GLU32.dll:GLU32.dll (00007FFA5EA30000), size: 184320 (result: 0), SymType: '-deferred-', PDB: '', fileVersion: 10.0.22621.2506
C:\Windows\SYSTEM32\IPHLPAPI.DLL:IPHLPAPI.DLL (00007FFA919A0000), size: 184320 (result: 0), SymType: '-deferred-', PDB: '', fileVersion: 10.0.22621.1
C:\Windows\SYSTEM32\WINHTTP.dll:WINHTTP.dll (00007FFA8D4C0000), size: 1273856 (result: 0), SymType: '-deferred-', PDB: '', fileVersion: 10.0.22621.2506
C:\Windows\SYSTEM32\WINMM.dll:WINMM.dll (00007FFA8D960000), size: 212992 (result: 0), SymType: '-deferred-', PDB: '', fileVersion: 10.0.22621.2506
C:\Windows\SYSTEM32\HID.DLL:HID.DLL (00007FFA916F0000), size: 57344 (result: 0), SymType: '-deferred-', PDB: '', fileVersion: 10.0.22621.1
C:\Windows\SYSTEM32\dwmapi.dll:dwmapi.dll (00007FFA90840000), size: 176128 (result: 0), SymType: '-deferred-', PDB: '', fileVersion: 10.0.22621.2506
C:\Program Files\Unity\Hub\Editor\2022.3.17f1\Editor\SketchUpAPI.dll:SketchUpAPI.dll (00007FFA2BDC0000), size: 8990720 (result: 0), SymType: '-deferred-', PDB: '', fileVersion: 23.0.0.0
C:\Windows\SYSTEM32\VERSION.dll:VERSION.dll (00007FFA8A610000), size: 40960 (result: 0), SymType: '-deferred-', PDB: '', fileVersion: 10.0.22621.1
C:\Windows\SYSTEM32\WSOCK32.dll:WSOCK32.dll (00007FFA7EBD0000), size: 36864 (result: 0), SymType: '-deferred-', PDB: '', fileVersion: 10.0.22621.1
C:\Windows\SYSTEM32\MSVCP140.dll:MSVCP140.dll (00007FFA85EF0000), size: 581632 (result: 0), SymType: '-deferred-', PDB: '', fileVersion: 14.34.31931.0
C:\Windows\SYSTEM32\VCRUNTIME140.dll:VCRUNTIME140.dll (00007FFA85ED0000), size: 110592 (result: 0), SymType: '-deferred-', PDB: '', fileVersion: 14.34.31931.0
C:\Program Files\Unity\Hub\Editor\2022.3.17f1\Editor\SketchUpCommonPreferences.dll:SketchUpCommonPreferences.dll (00007FFA3C790000), size: 499712 (result: 0), SymType: '-deferred-', PDB: '', fileVersion: 23.0.0.0
C:\Windows\SYSTEM32\VCRUNTIME140_1.dll:VCRUNTIME140_1.dll (00007FFA85EC0000), size: 49152 (result: 0), SymType: '-deferred-', PDB: '', fileVersion: 14.34.31931.0
C:\Windows\SYSTEM32\dxcore.dll:dxcore.dll (00007FFA90510000), size: 221184 (result: 0), SymType: '-deferred-', PDB: '', fileVersion: 10.0.22621.2506
C:\Windows\SYSTEM32\Secur32.dll:Secur32.dll (00007FFA91CE0000), size: 49152 (result: 0), SymType: '-deferred-', PDB: '', fileVersion: 10.0.22621.1
C:\Windows\SYSTEM32\SSPICLI.DLL:SSPICLI.DLL (00007FFA92180000), size: 274432 (result: 0), SymType: '-deferred-', PDB: '', fileVersion: 10.0.22621.3007
C:\Program Files\Unity\Hub\Editor\2022.3.17f1\Editor\OpenRL.dll:OpenRL.dll (000002B93F3E0000), size: 12779520 (result: 0), SymType: '-deferred-', PDB: '', fileVersion: 1.5.0.2907
C:\Windows\SYSTEM32\MSVCP100.dll:MSVCP100.dll (00000000725D0000), size: 622592 (result: 0), SymType: '-deferred-', PDB: '', fileVersion: 10.0.30319.1
C:\Windows\SYSTEM32\MSVCR100.dll:MSVCR100.dll (00000000724F0000), size: 856064 (result: 0), SymType: '-deferred-', PDB: '', fileVersion: 10.0.30319.1
C:\Program Files\Unity\Hub\Editor\2022.3.17f1\Editor\embree.dll:embree.dll (00007FFA2ADD0000), size: 16711680 (result: 0), SymType: '-deferred-', PDB: '', fileVersion: 2.14.0.0
C:\Windows\SYSTEM32\cfgmgr32.DLL:cfgmgr32.DLL (00007FFA92B60000), size: 319488 (result: 0), SymType: '-deferred-', PDB: '', fileVersion: 10.0.22621.2506
C:\Program Files\Unity\Hub\Editor\2022.3.17f1\Editor\tbb.dll:tbb.dll (00007FFA3C390000), size: 413696 (result: 0), SymType: '-deferred-', PDB: '', fileVersion: 2017.0.2016.1004
C:\Windows\SYSTEM32\MSVCP120.dll:MSVCP120.dll (00007FFA35910000), size: 679936 (result: 0), SymType: '-deferred-', PDB: '', fileVersion: 12.0.40660.0
C:\Windows\SYSTEM32\MSVCR120.dll:MSVCR120.dll (00007FFA34940000), size: 978944 (result: 0), SymType: '-deferred-', PDB: '', fileVersion: 12.0.40660.0
C:\Windows\SYSTEM32\MSWSOCK.DLL:MSWSOCK.DLL (00007FFA923A0000), size: 430080 (result: 0), SymType: '-deferred-', PDB: '', fileVersion: 10.0.22621.2506
C:\Program Files\Unity\Hub\Editor\2022.3.17f1\Editor\OpenRL_pthread.dll:OpenRL_pthread.dll (000002B940020000), size: 61440 (result: 0), SymType: '-deferred-', PDB: '', fileVersion: 2.9.0.0
C:\Windows\SYSTEM32\MSASN1.dll:MSASN1.dll (00007FFA92650000), size: 73728 (result: 0), SymType: '-deferred-', PDB: '', fileVersion: 10.0.22621.2506
C:\Windows\System32\bcryptprimitives.dll:bcryptprimitives.dll (00007FFA93500000), size: 499712 (result: 0), SymType: '-deferred-', PDB: '', fileVersion: 10.0.22621.2506
C:\Windows\SYSTEM32\kernel.appcore.dll:kernel.appcore.dll (00007FFA91F20000), size: 98304 (result: 0), SymType: '-deferred-', PDB: '', fileVersion: 10.0.22621.2715
C:\Windows\system32\uxtheme.dll:uxtheme.dll (00007FFA90410000), size: 700416 (result: 0), SymType: '-deferred-', PDB: '', fileVersion: 10.0.22621.3007
C:\Windows\SYSTEM32\windows.storage.dll:windows.storage.dll (00007FFA90DF0000), size: 9396224 (result: 0), SymType: '-deferred-', PDB: '', fileVersion: 10.0.22621.2792
C:\Windows\SYSTEM32\wintypes.dll:wintypes.dll (00007FFA90CB0000), size: 1302528 (result: 0), SymType: '-deferred-', PDB: '', fileVersion: 10.0.22621.2792
C:\Windows\System32\SHCORE.dll:SHCORE.dll (00007FFA95820000), size: 995328 (result: 0), SymType: '-deferred-', PDB: '', fileVersion: 10.0.22621.2715
C:\Windows\SYSTEM32\profapi.dll:profapi.dll (00007FFA92E20000), size: 155648 (result: 0), SymType: '-deferred-', PDB: '', fileVersion: 10.0.22621.2506
C:\Windows\system32\IconCodecService.dll:IconCodecService.dll (00007FFA8B2C0000), size: 36864 (result: 8), SymType: '-unknown-', PDB: '', fileVersion: 10.0.22621.1
C:\Windows\SYSTEM32\WindowsCodecs.dll:WindowsCodecs.dll (00007FFA8E880000), size: 1769472 (result: 8), SymType: '-unknown-', PDB: '', fileVersion: 10.0.22621.2506
C:\Windows\System32\clbcatq.dll:clbcatq.dll (00007FFA943D0000), size: 720896 (result: 0), SymType: '-deferred-', PDB: '', fileVersion: 2001.12.10941.16384
C:\Windows\System32\netprofm.dll:netprofm.dll (00007FFA8E790000), size: 491520 (result: 0), SymType: '-deferred-', PDB: '', fileVersion: 10.0.22621.2506
C:\Windows\System32\NSI.dll:NSI.dll (00007FFA95650000), size: 36864 (result: 0), SymType: '-deferred-', PDB: '', fileVersion: 10.0.22621.1
C:\Windows\SYSTEM32\dhcpcsvc6.DLL:dhcpcsvc6.DLL (00007FFA8D480000), size: 102400 (result: 0), SymType: '-deferred-', PDB: '', fileVersion: 10.0.22621.2506
C:\Windows\SYSTEM32\dhcpcsvc.DLL:dhcpcsvc.DLL (00007FFA8D460000), size: 126976 (result: 0), SymType: '-deferred-', PDB: '', fileVersion: 10.0.22621.2506
C:\Windows\SYSTEM32\DNSAPI.dll:DNSAPI.dll (00007FFA919D0000), size: 1019904 (result: 0), SymType: '-deferred-', PDB: '', fileVersion: 10.0.22621.2506
C:\Windows\System32\npmproxy.dll:npmproxy.dll (00007FFA8C150000), size: 98304 (result: 0), SymType: '-deferred-', PDB: '', fileVersion: 10.0.22621.2506
C:\Windows\system32\napinsp.dll:napinsp.dll (00007FFA8D7D0000), size: 94208 (result: 0), SymType: '-deferred-', PDB: '', fileVersion: 10.0.22621.1
C:\Windows\system32\pnrpnsp.dll:pnrpnsp.dll (00007FFA8D7B0000), size: 110592 (result: 0), SymType: '-deferred-', PDB: '', fileVersion: 10.0.22621.1
C:\Windows\System32\winrnr.dll:winrnr.dll (00007FFA8D790000), size: 69632 (result: 0), SymType: '-deferred-', PDB: '', fileVersion: 10.0.22621.1
C:\Windows\system32\wshbth.dll:wshbth.dll (00007FFA751B0000), size: 86016 (result: 0), SymType: '-deferred-', PDB: '', fileVersion: 10.0.22621.2506
C:\Windows\system32\nlansp_c.dll:nlansp_c.dll (00007FFA81410000), size: 135168 (result: 0), SymType: '-deferred-', PDB: '', fileVersion: 10.0.22621.2506
C:\Windows\System32\fwpuclnt.dll:fwpuclnt.dll (00007FFA8CE40000), size: 536576 (result: 0), SymType: '-deferred-', PDB: '', fileVersion: 10.0.22621.2792
C:\Windows\System32\rasadhlp.dll:rasadhlp.dll (00007FFA88D20000), size: 40960 (result: 0), SymType: '-deferred-', PDB: '', fileVersion: 10.0.22621.1
C:\Program Files\Unity\Hub\Editor\2022.3.17f1\Editor\NVUnityPlugin.DLL:NVUnityPlugin.DLL (00007FFA347C0000), size: 1519616 (result: 0), SymType: '-deferred-', PDB: ''
C:\Program Files\Unity\Hub\Editor\2022.3.17f1\Editor\Data\Tools\astcenc-avx2.dll:astcenc-avx2.dll (00007FFA37A40000), size: 540672 (result: 0), SymType: '-deferred-', PDB: ''
C:\Windows\System32\MMDevApi.dll:MMDevApi.dll (00007FFA8A620000), size: 643072 (result: 0), SymType: '-deferred-', PDB: '', fileVersion: 10.0.22621.2506
C:\Windows\System32\DEVOBJ.dll:DEVOBJ.dll (00007FFA92B30000), size: 180224 (result: 0), SymType: '-deferred-', PDB: '', fileVersion: 10.0.22621.2506
C:\Windows\SYSTEM32\d3d11.dll:d3d11.dll (00007FFA8F0A0000), size: 2453504 (result: 0), SymType: '-deferred-', PDB: '', fileVersion: 10.0.22621.2506
C:\Windows\SYSTEM32\dxgi.dll:dxgi.dll (00007FFA90550000), size: 1015808 (result: 0), SymType: '-deferred-', PDB: '', fileVersion: 10.0.22621.2506
C:\Windows\SYSTEM32\directxdatabasehelper.dll:directxdatabasehelper.dll (00007FFA88D30000), size: 303104 (result: 0), SymType: '-deferred-', PDB: '', fileVersion: 10.0.22621.2506
C:\Windows\System32\DriverStore\FileRepository\u0397033.inf_amd64_bf2b1fc18ba7195d\B396953\aticfx64.dll:aticfx64.dll (00007FFA86300000), size: 1814528 (result: 0), SymType: '-deferred-', PDB: '', fileVersion: 31.0.21905.1001
C:\Windows\System32\DriverStore\FileRepository\u0397033.inf_amd64_bf2b1fc18ba7195d\B396953\atiuxp64.dll:atiuxp64.dll (00007FFA862C0000), size: 233472 (result: 0), SymType: '-deferred-', PDB: '', fileVersion: 31.0.21905.1001
C:\Windows\System32\DriverStore\FileRepository\u0397033.inf_amd64_bf2b1fc18ba7195d\B396953\atidxx64.dll:atidxx64.dll (00007FFA821D0000), size: 32972800 (result: 0), SymType: '-deferred-', PDB: '', fileVersion: 31.0.21905.1001
C:\Windows\SYSTEM32\apphelp.dll:apphelp.dll (00007FFA90240000), size: 618496 (result: 0), SymType: '-deferred-', PDB: '', fileVersion: 10.0.22621.2506
C:\Windows\SYSTEM32\amdihk64.dll:amdihk64.dll (00007FFA85F80000), size: 217088 (result: 0), SymType: '-deferred-', PDB: '', fileVersion: 2.0.0.1788
C:\Windows\system32\wbem\wbemprox.dll:wbemprox.dll (00007FFA7D670000), size: 65536 (result: 0), SymType: '-deferred-', PDB: '', fileVersion: 10.0.22621.2792
C:\Windows\SYSTEM32\wbemcomn.dll:wbemcomn.dll (00007FFA80C30000), size: 524288 (result: 0), SymType: '-deferred-', PDB: '', fileVersion: 10.0.22621.2506
C:\Windows\system32\wbem\wbemsvc.dll:wbemsvc.dll (00007FFA7EE70000), size: 81920 (result: 0), SymType: '-deferred-', PDB: '', fileVersion: 10.0.22621.2792
C:\Windows\system32\wbem\fastprox.dll:fastprox.dll (00007FFA7D290000), size: 1015808 (result: 0), SymType: '-deferred-', PDB: '', fileVersion: 10.0.22621.2506
C:\Windows\SYSTEM32\amsi.dll:amsi.dll (00007FFA7CB20000), size: 118784 (result: 0), SymType: '-deferred-', PDB: '', fileVersion: 10.0.22621.1
C:\Windows\SYSTEM32\USERENV.dll:USERENV.dll (00007FFA92490000), size: 180224 (result: 0), SymType: '-deferred-', PDB: '', fileVersion: 10.0.22621.2506
C:\ProgramData\Microsoft\Windows Defender\Platform\4.18.23110.3-0\MpOav.dll:MpOav.dll (00007FFA7CBC0000), size: 507904 (result: 0), SymType: '-deferred-', PDB: '', fileVersion: 4.18.23110.3
C:\Windows\SYSTEM32\opencl.dll:opencl.dll (00007FFA73BB0000), size: 516096 (result: 0), SymType: '-deferred-', PDB: '', fileVersion: 3.0.1.0
C:\Program Files\Unity\Hub\Editor\2022.3.17f1\Editor\radeonrays.dll:radeonrays.dll (00007FFA379B0000), size: 557056 (result: 0), SymType: '-deferred-', PDB: ''
C:\Program Files\Unity\Hub\Editor\2022.3.17f1\Editor\Data\MonoBleedingEdge\EmbedRuntime\mono-2.0-bdwgc.dll:mono-2.0-bdwgc.dll (00007FFA29E90000), size: 10825728 (result: 0), SymType: '-deferred-', PDB: ''
C:\Windows\SYSTEM32\dbghelp.dll:dbghelp.dll (00007FFA8C340000), size: 2306048 (result: 0), SymType: '-deferred-', PDB: '', fileVersion: 10.0.22621.2506

========== OUTPUTTING STACK TRACE ==================

SymInit: Symbol-SearchPath: 'C:/Program Files/Unity/Hub/Editor/2022.3.17f1/Editor/Data/Mono;.;D:\UnityProjects\Clock\Clock;D:\UnityProjects\Clock\Clock\Library\BurstCache\JIT;C:\Program Files\Unity\Hub\Editor\2022.3.17f1\Editor;C:\Windows;C:\Windows\system32;', symOptions: 534, UserName: 'Maksim'
OS-Version: 10.0.0
C:\Program Files\Unity\Hub\Editor\2022.3.17f1\Editor\Unity.exe:Unity.exe (00007FF660E50000), size: 82321408 (result: 0), SymType: '-exported-', PDB: 'C:\Program Files\Unity\Hub\Editor\2022.3.17f1\Editor\Unity.exe', fileVersion: 2022.3.17.51072
C:\Windows\SYSTEM32\ntdll.dll:ntdll.dll (00007FFA95BB0000), size: 2191360 (result: 0), SymType: '-nosymbols-', PDB: 'C:\Windows\SYSTEM32\ntdll.dll', fileVersion: 10.0.22621.2506
C:\Windows\System32\KERNEL32.DLL:KERNEL32.DLL (00007FFA94F10000), size: 802816 (result: 0), SymType: '-nosymbols-', PDB: 'C:\Windows\System32\KERNEL32.DLL', fileVersion: 10.0.22621.2506
C:\Windows\System32\KERNELBASE.dll:KERNELBASE.dll (00007FFA92EF0000), size: 3825664 (result: 0), SymType: '-nosymbols-', PDB: 'C:\Windows\System32\KERNELBASE.dll', fileVersion: 10.0.22621.2792
C:\Windows\System32\CRYPT32.dll:CRYPT32.dll (00007FFA932A0000), size: 1466368 (result: 0), SymType: '-exported-', PDB: 'C:\Windows\System32\CRYPT32.dll', fileVersion: 10.0.22621.2506
C:\Windows\System32\ucrtbase.dll:ucrtbase.dll (00007FFA93580000), size: 1118208 (result: 0), SymType: '-exported-', PDB: 'C:\Windows\System32\ucrtbase.dll', fileVersion: 10.0.22621.2506
C:\Windows\System32\USER32.dll:USER32.dll (00007FFA954A0000), size: 1761280 (result: 0), SymType: '-nosymbols-', PDB: 'C:\Windows\System32\USER32.dll', fileVersion: 10.0.22621.2506
C:\Windows\System32\win32u.dll:win32u.dll (00007FFA93860000), size: 155648 (result: 0), SymType: '-exported-', PDB: 'C:\Windows\System32\win32u.dll', fileVersion: 10.0.22621.3007
C:\Windows\System32\GDI32.dll:GDI32.dll (00007FFA95470000), size: 167936 (result: 0), SymType: '-exported-', PDB: 'C:\Windows\System32\GDI32.dll', fileVersion: 10.0.22621.2792
C:\Windows\System32\gdi32full.dll:gdi32full.dll (00007FFA936A0000), size: 1146880 (result: 0), SymType: '-nosymbols-', PDB: 'C:\Windows\System32\gdi32full.dll', fileVersion: 10.0.22621.2861
C:\Windows\System32\msvcp_win.dll:msvcp_win.dll (00007FFA937C0000), size: 630784 (result: 0), SymType: '-exported-', PDB: 'C:\Windows\System32\msvcp_win.dll', fileVersion: 10.0.22621.2506
C:\Windows\System32\ADVAPI32.dll:ADVAPI32.dll (00007FFA94740000), size: 733184 (result: 0), SymType: '-exported-', PDB: 'C:\Windows\System32\ADVAPI32.dll', fileVersion: 10.0.22621.3007
C:\Windows\System32\msvcrt.dll:msvcrt.dll (00007FFA94800000), size: 684032 (result: 0), SymType: '-exported-', PDB: 'C:\Windows\System32\msvcrt.dll', fileVersion: 7.0.22621.2506
C:\Windows\System32\sechost.dll:sechost.dll (00007FFA95940000), size: 688128 (result: 0), SymType: '-exported-', PDB: 'C:\Windows\System32\sechost.dll', fileVersion: 10.0.22621.3007
C:\Windows\System32\bcrypt.dll:bcrypt.dll (00007FFA934D0000), size: 163840 (result: 0), SymType: '-nosymbols-', PDB: 'C:\Windows\System32\bcrypt.dll', fileVersion: 10.0.22621.2506
C:\Windows\System32\RPCRT4.dll:RPCRT4.dll (00007FFA94930000), size: 1142784 (result: 0), SymType: '-nosymbols-', PDB: 'C:\Windows\System32\RPCRT4.dll', fileVersion: 10.0.22621.2792
C:\Windows\System32\SHELL32.dll:SHELL32.dll (00007FFA93AE0000), size: 8757248 (result: 0), SymType: '-exported-', PDB: 'C:\Windows\System32\SHELL32.dll', fileVersion: 10.0.22621.3007
C:\Windows\System32\SHLWAPI.dll:SHLWAPI.dll (00007FFA94A50000), size: 385024 (result: 0), SymType: '-nosymbols-', PDB: 'C:\Windows\System32\SHLWAPI.dll', fileVersion: 10.0.22621.2506
C:\Windows\System32\ole32.dll:ole32.dll (00007FFA944C0000), size: 1703936 (result: 0), SymType: '-exported-', PDB: 'C:\Windows\System32\ole32.dll', fileVersion: 10.0.22621.2506
C:\Windows\System32\combase.dll:combase.dll (00007FFA94AB0000), size: 3706880 (result: 0), SymType: '-nosymbols-', PDB: 'C:\Windows\System32\combase.dll', fileVersion: 10.0.22621.2792
C:\Windows\System32\IMM32.dll:IMM32.dll (00007FFA94480000), size: 200704 (result: 0), SymType: '-nosymbols-', PDB: 'C:\Windows\System32\IMM32.dll', fileVersion: 10.0.22621.2792
C:\Windows\System32\SETUPAPI.dll:SETUPAPI.dll (00007FFA94FF0000), size: 4669440 (result: 0), SymType: '-nosymbols-', PDB: 'C:\Windows\System32\SETUPAPI.dll', fileVersion: 10.0.22621.2506
C:\Windows\System32\WS2_32.dll:WS2_32.dll (00007FFA95AF0000), size: 462848 (result: 0), SymType: '-nosymbols-', PDB: 'C:\Windows\System32\WS2_32.dll', fileVersion: 10.0.22621.1
C:\Windows\System32\OLEAUT32.dll:OLEAUT32.dll (00007FFA94660000), size: 880640 (result: 0), SymType: '-nosymbols-', PDB: 'C:\Windows\System32\OLEAUT32.dll', fileVersion: 10.0.22621.2506
C:\Windows\System32\WINTRUST.dll:WINTRUST.dll (00007FFA93890000), size: 438272 (result: 0), SymType: '-exported-', PDB: 'C:\Windows\System32\WINTRUST.dll', fileVersion: 10.0.22621.3007
C:\Program Files\Unity\Hub\Editor\2022.3.17f1\Editor\libfbxsdk.dll:libfbxsdk.dll (00007FFA3B7A0000), size: 10067968 (result: 0), SymType: '-nosymbols-', PDB: 'C:\Program Files\Unity\Hub\Editor\2022.3.17f1\Editor\libfbxsdk.dll', fileVersion: 2020.3.3.0
C:\Program Files\Unity\Hub\Editor\2022.3.17f1\Editor\s3tcompress.dll:s3tcompress.dll (00007FFA3C810000), size: 180224 (result: 0), SymType: '-exported-', PDB: 'C:\Program Files\Unity\Hub\Editor\2022.3.17f1\Editor\s3tcompress.dll'
C:\Program Files\Unity\Hub\Editor\2022.3.17f1\Editor\etccompress.dll:etccompress.dll (00007FFA2A8F0000), size: 5066752 (result: 0), SymType: '-exported-', PDB: 'C:\Program Files\Unity\Hub\Editor\2022.3.17f1\Editor\etccompress.dll'
C:\Program Files\Unity\Hub\Editor\2022.3.17f1\Editor\ispc_texcomp.dll:ispc_texcomp.dll (00007FFA3C140000), size: 1826816 (result: 0), SymType: '-exported-', PDB: 'C:\Program Files\Unity\Hub\Editor\2022.3.17f1\Editor\ispc_texcomp.dll'
C:\Program Files\Unity\Hub\Editor\2022.3.17f1\Editor\compress_bc7e.dll:compress_bc7e.dll (00007FFA34A30000), size: 1433600 (result: 0), SymType: '-exported-', PDB: 'C:\Program Files\Unity\Hub\Editor\2022.3.17f1\Editor\compress_bc7e.dll'
C:\Program Files\Unity\Hub\Editor\2022.3.17f1\Editor\FreeImage.dll:FreeImage.dll (0000000180000000), size: 6582272 (result: 0), SymType: '-nosymbols-', PDB: 'C:\Program Files\Unity\Hub\Editor\2022.3.17f1\Editor\FreeImage.dll', fileVersion: 3.18.0.0
C:\Program Files\Unity\Hub\Editor\2022.3.17f1\Editor\WinPixEventRuntime.dll:WinPixEventRuntime.dll (00007FFA79F30000), size: 45056 (result: 0), SymType: '-nosymbols-', PDB: 'C:\Program Files\Unity\Hub\Editor\2022.3.17f1\Editor\WinPixEventRuntime.dll', fileVersion: 1.0.1812.6001
C:\Program Files\Unity\Hub\Editor\2022.3.17f1\Editor\umbraoptimizer64.dll:umbraoptimizer64.dll (00007FFA3B670000), size: 1187840 (result: 0), SymType: '-nosymbols-', PDB: 'C:\Program Files\Unity\Hub\Editor\2022.3.17f1\Editor\umbraoptimizer64.dll'
C:\Windows\SYSTEM32\OPENGL32.dll:OPENGL32.dll (00007FFA5ECE0000), size: 1048576 (result: 0), SymType: '-nosymbols-', PDB: 'C:\Windows\SYSTEM32\OPENGL32.dll', fileVersion: 10.0.22621.2506
C:\Windows\SYSTEM32\GLU32.dll:GLU32.dll (00007FFA5EA30000), size: 184320 (result: 0), SymType: '-nosymbols-', PDB: 'C:\Windows\SYSTEM32\GLU32.dll', fileVersion: 10.0.22621.2506
C:\Windows\SYSTEM32\IPHLPAPI.DLL:IPHLPAPI.DLL (00007FFA919A0000), size: 184320 (result: 0), SymType: '-nosymbols-', PDB: 'C:\Windows\SYSTEM32\IPHLPAPI.DLL', fileVersion: 10.0.22621.1
C:\Windows\SYSTEM32\WINHTTP.dll:WINHTTP.dll (00007FFA8D4C0000), size: 1273856 (result: 0), SymType: '-nosymbols-', PDB: 'C:\Windows\SYSTEM32\WINHTTP.dll', fileVersion: 10.0.22621.2506
C:\Windows\SYSTEM32\WINMM.dll:WINMM.dll (00007FFA8D960000), size: 212992 (result: 0), SymType: '-exported-', PDB: 'C:\Windows\SYSTEM32\WINMM.dll', fileVersion: 10.0.22621.2506
C:\Windows\SYSTEM32\HID.DLL:HID.DLL (00007FFA916F0000), size: 57344 (result: 0), SymType: '-exported-', PDB: 'C:\Windows\SYSTEM32\HID.DLL', fileVersion: 10.0.22621.1
C:\Windows\SYSTEM32\dwmapi.dll:dwmapi.dll (00007FFA90840000), size: 176128 (result: 0), SymType: '-nosymbols-', PDB: 'C:\Windows\SYSTEM32\dwmapi.dll', fileVersion: 10.0.22621.2506
C:\Program Files\Unity\Hub\Editor\2022.3.17f1\Editor\SketchUpAPI.dll:SketchUpAPI.dll (00007FFA2BDC0000), size: 8990720 (result: 0), SymType: '-nosymbols-', PDB: 'C:\Program Files\Unity\Hub\Editor\2022.3.17f1\Editor\SketchUpAPI.dll', fileVersion: 23.0.0.0
C:\Windows\SYSTEM32\VERSION.dll:VERSION.dll (00007FFA8A610000), size: 40960 (result: 0), SymType: '-nosymbols-', PDB: 'C:\Windows\SYSTEM32\VERSION.dll', fileVersion: 10.0.22621.1
C:\Windows\SYSTEM32\WSOCK32.dll:WSOCK32.dll (00007FFA7EBD0000), size: 36864 (result: 0), SymType: '-nosymbols-', PDB: 'C:\Windows\SYSTEM32\WSOCK32.dll', fileVersion: 10.0.22621.1
C:\Windows\SYSTEM32\MSVCP140.dll:MSVCP140.dll (00007FFA85EF0000), size: 581632 (result: 0), SymType: '-exported-', PDB: 'C:\Windows\SYSTEM32\MSVCP140.dll', fileVersion: 14.34.31931.0
C:\Windows\SYSTEM32\VCRUNTIME140.dll:VCRUNTIME140.dll (00007FFA85ED0000), size: 110592 (result: 0), SymType: '-nosymbols-', PDB: 'C:\Windows\SYSTEM32\VCRUNTIME140.dll', fileVersion: 14.34.31931.0
C:\Program Files\Unity\Hub\Editor\2022.3.17f1\Editor\SketchUpCommonPreferences.dll:SketchUpCommonPreferences.dll (00007FFA3C790000), size: 499712 (result: 0), SymType: '-nosymbols-', PDB: 'C:\Program Files\Unity\Hub\Editor\2022.3.17f1\Editor\SketchUpCommonPreferences.dll', fileVersion: 23.0.0.0
C:\Windows\SYSTEM32\VCRUNTIME140_1.dll:VCRUNTIME140_1.dll (00007FFA85EC0000), size: 49152 (result: 0), SymType: '-nosymbols-', PDB: 'C:\Windows\SYSTEM32\VCRUNTIME140_1.dll', fileVersion: 14.34.31931.0
C:\Windows\SYSTEM32\dxcore.dll:dxcore.dll (00007FFA90510000), size: 221184 (result: 0), SymType: '-nosymbols-', PDB: 'C:\Windows\SYSTEM32\dxcore.dll', fileVersion: 10.0.22621.2506
C:\Windows\SYSTEM32\Secur32.dll:Secur32.dll (00007FFA91CE0000), size: 49152 (result: 0), SymType: '-nosymbols-', PDB: 'C:\Windows\SYSTEM32\Secur32.dll', fileVersion: 10.0.22621.1
C:\Windows\SYSTEM32\SSPICLI.DLL:SSPICLI.DLL (00007FFA92180000), size: 274432 (result: 0), SymType: '-nosymbols-', PDB: 'C:\Windows\SYSTEM32\SSPICLI.DLL', fileVersion: 10.0.22621.3007
C:\Program Files\Unity\Hub\Editor\2022.3.17f1\Editor\OpenRL.dll:OpenRL.dll (000002B93F3E0000), size: 12779520 (result: 0), SymType: '-nosymbols-', PDB: 'C:\Program Files\Unity\Hub\Editor\2022.3.17f1\Editor\OpenRL.dll', fileVersion: 1.5.0.2907
C:\Windows\SYSTEM32\MSVCP100.dll:MSVCP100.dll (00000000725D0000), size: 622592 (result: 0), SymType: '-exported-', PDB: 'C:\Windows\SYSTEM32\MSVCP100.dll', fileVersion: 10.0.30319.1
C:\Windows\SYSTEM32\MSVCR100.dll:MSVCR100.dll (00000000724F0000), size: 856064 (result: 0), SymType: '-exported-', PDB: 'C:\Windows\SYSTEM32\MSVCR100.dll', fileVersion: 10.0.30319.1
C:\Program Files\Unity\Hub\Editor\2022.3.17f1\Editor\embree.dll:embree.dll (00007FFA2ADD0000), size: 16711680 (result: 0), SymType: '-nosymbols-', PDB: 'C:\Program Files\Unity\Hub\Editor\2022.3.17f1\Editor\embree.dll', fileVersion: 2.14.0.0
C:\Windows\SYSTEM32\cfgmgr32.DLL:cfgmgr32.DLL (00007FFA92B60000), size: 319488 (result: 0), SymType: '-nosymbols-', PDB: 'C:\Windows\SYSTEM32\cfgmgr32.DLL', fileVersion: 10.0.22621.2506
C:\Program Files\Unity\Hub\Editor\2022.3.17f1\Editor\tbb.dll:tbb.dll (00007FFA3C390000), size: 413696 (result: 0), SymType: '-nosymbols-', PDB: 'C:\Program Files\Unity\Hub\Editor\2022.3.17f1\Editor\tbb.dll', fileVersion: 2017.0.2016.1004
C:\Windows\SYSTEM32\MSVCP120.dll:MSVCP120.dll (00007FFA35910000), size: 679936 (result: 0), SymType: '-exported-', PDB: 'C:\Windows\SYSTEM32\MSVCP120.dll', fileVersion: 12.0.40660.0
C:\Windows\SYSTEM32\MSVCR120.dll:MSVCR120.dll (00007FFA34940000), size: 978944 (result: 0), SymType: '-nosymbols-', PDB: 'C:\Windows\SYSTEM32\MSVCR120.dll', fileVersion: 12.0.40660.0
C:\Windows\SYSTEM32\MSWSOCK.DLL:MSWSOCK.DLL (00007FFA923A0000), size: 430080 (result: 0), SymType: '-exported-', PDB: 'C:\Windows\SYSTEM32\MSWSOCK.DLL', fileVersion: 10.0.22621.2506
C:\Program Files\Unity\Hub\Editor\2022.3.17f1\Editor\OpenRL_pthread.dll:OpenRL_pthread.dll (000002B940020000), size: 61440 (result: 0), SymType: '-nosymbols-', PDB: 'C:\Program Files\Unity\Hub\Editor\2022.3.17f1\Editor\OpenRL_pthread.dll', fileVersion: 2.9.0.0
C:\Windows\SYSTEM32\MSASN1.dll:MSASN1.dll (00007FFA92650000), size: 73728 (result: 0), SymType: '-nosymbols-', PDB: 'C:\Windows\SYSTEM32\MSASN1.dll', fileVersion: 10.0.22621.2506
C:\Windows\System32\bcryptprimitives.dll:bcryptprimitives.dll (00007FFA93500000), size: 499712 (result: 0), SymType: '-exported-', PDB: 'C:\Windows\System32\bcryptprimitives.dll', fileVersion: 10.0.22621.2506
C:\Windows\SYSTEM32\kernel.appcore.dll:kernel.appcore.dll (00007FFA91F20000), size: 98304 (result: 0), SymType: '-nosymbols-', PDB: 'C:\Windows\SYSTEM32\kernel.appcore.dll', fileVersion: 10.0.22621.2715
C:\Windows\system32\uxtheme.dll:uxtheme.dll (00007FFA90410000), size: 700416 (result: 0), SymType: '-nosymbols-', PDB: 'C:\Windows\system32\uxtheme.dll', fileVersion: 10.0.22621.3007
C:\Windows\SYSTEM32\windows.storage.dll:windows.storage.dll (00007FFA90DF0000), size: 9396224 (result: 0), SymType: '-nosymbols-', PDB: 'C:\Windows\SYSTEM32\windows.storage.dll', fileVersion: 10.0.22621.2792
C:\Windows\SYSTEM32\wintypes.dll:wintypes.dll (00007FFA90CB0000), size: 1302528 (result: 0), SymType: '-nosymbols-', PDB: 'C:\Windows\SYSTEM32\wintypes.dll', fileVersion: 10.0.22621.2792
C:\Windows\System32\SHCORE.dll:SHCORE.dll (00007FFA95820000), size: 995328 (result: 0), SymType: '-nosymbols-', PDB: 'C:\Windows\System32\SHCORE.dll', fileVersion: 10.0.22621.2715
C:\Windows\SYSTEM32\profapi.dll:profapi.dll (00007FFA92E20000), size: 155648 (result: 0), SymType: '-nosymbols-', PDB: 'C:\Windows\SYSTEM32\profapi.dll', fileVersion: 10.0.22621.2506
C:\Windows\system32\IconCodecService.dll:IconCodecService.dll (00007FFA8B2C0000), size: 36864 (result: 0), SymType: '-deferred-', PDB: '', fileVersion: 10.0.22621.1
C:\Windows\SYSTEM32\WindowsCodecs.dll:WindowsCodecs.dll (00007FFA8E880000), size: 1769472 (result: 0), SymType: '-deferred-', PDB: '', fileVersion: 10.0.22621.2506
C:\Windows\System32\clbcatq.dll:clbcatq.dll (00007FFA943D0000), size: 720896 (result: 0), SymType: '-nosymbols-', PDB: 'C:\Windows\System32\clbcatq.dll', fileVersion: 2001.12.10941.16384
C:\Windows\System32\netprofm.dll:netprofm.dll (00007FFA8E790000), size: 491520 (result: 0), SymType: '-exported-', PDB: 'C:\Windows\System32\netprofm.dll', fileVersion: 10.0.22621.2506
C:\Windows\System32\NSI.dll:NSI.dll (00007FFA95650000), size: 36864 (result: 0), SymType: '-exported-', PDB: 'C:\Windows\System32\NSI.dll', fileVersion: 10.0.22621.1
C:\Windows\SYSTEM32\dhcpcsvc6.DLL:dhcpcsvc6.DLL (00007FFA8D480000), size: 102400 (result: 0), SymType: '-exported-', PDB: 'C:\Windows\SYSTEM32\dhcpcsvc6.DLL', fileVersion: 10.0.22621.2506
C:\Windows\SYSTEM32\dhcpcsvc.DLL:dhcpcsvc.DLL (00007FFA8D460000), size: 126976 (result: 0), SymType: '-nosymbols-', PDB: 'C:\Windows\SYSTEM32\dhcpcsvc.DLL', fileVersion: 10.0.22621.2506
C:\Windows\SYSTEM32\DNSAPI.dll:DNSAPI.dll (00007FFA919D0000), size: 1019904 (result: 0), SymType: '-exported-', PDB: 'C:\Windows\SYSTEM32\DNSAPI.dll', fileVersion: 10.0.22621.2506
C:\Windows\System32\npmproxy.dll:npmproxy.dll (00007FFA8C150000), size: 98304 (result: 0), SymType: '-nosymbols-', PDB: 'C:\Windows\System32\npmproxy.dll', fileVersion: 10.0.22621.2506
C:\Windows\system32\napinsp.dll:napinsp.dll (00007FFA8D7D0000), size: 94208 (result: 0), SymType: '-exported-', PDB: 'C:\Windows\system32\napinsp.dll', fileVersion: 10.0.22621.1
C:\Windows\system32\pnrpnsp.dll:pnrpnsp.dll (00007FFA8D7B0000), size: 110592 (result: 0), SymType: '-exported-', PDB: 'C:\Windows\system32\pnrpnsp.dll', fileVersion: 10.0.22621.1
C:\Windows\System32\winrnr.dll:winrnr.dll (00007FFA8D790000), size: 69632 (result: 0), SymType: '-nosymbols-', PDB: 'C:\Windows\System32\winrnr.dll', fileVersion: 10.0.22621.1
C:\Windows\system32\wshbth.dll:wshbth.dll (00007FFA751B0000), size: 86016 (result: 0), SymType: '-nosymbols-', PDB: 'C:\Windows\system32\wshbth.dll', fileVersion: 10.0.22621.2506
C:\Windows\system32\nlansp_c.dll:nlansp_c.dll (00007FFA81410000), size: 135168 (result: 0), SymType: '-nosymbols-', PDB: 'C:\Windows\system32\nlansp_c.dll', fileVersion: 10.0.22621.2506
C:\Windows\System32\fwpuclnt.dll:fwpuclnt.dll (00007FFA8CE40000), size: 536576 (result: 0), SymType: '-exported-', PDB: 'C:\Windows\System32\fwpuclnt.dll', fileVersion: 10.0.22621.2792
C:\Windows\System32\rasadhlp.dll:rasadhlp.dll (00007FFA88D20000), size: 40960 (result: 0), SymType: '-exported-', PDB: 'C:\Windows\System32\rasadhlp.dll', fileVersion: 10.0.22621.1
C:\Program Files\Unity\Hub\Editor\2022.3.17f1\Editor\NVUnityPlugin.DLL:NVUnityPlugin.DLL (00007FFA347C0000), size: 1519616 (result: 0), SymType: '-exported-', PDB: 'C:\Program Files\Unity\Hub\Editor\2022.3.17f1\Editor\NVUnityPlugin.DLL'
C:\Program Files\Unity\Hub\Editor\2022.3.17f1\Editor\Data\Tools\astcenc-avx2.dll:astcenc-avx2.dll (00007FFA37A40000), size: 540672 (result: 0), SymType: '-nosymbols-', PDB: 'C:\Program Files\Unity\Hub\Editor\2022.3.17f1\Editor\Data\Tools\astcenc-avx2.dll'
C:\Windows\System32\MMDevApi.dll:MMDevApi.dll (00007FFA8A620000), size: 643072 (result: 0), SymType: '-exported-', PDB: 'C:\Windows\System32\MMDevApi.dll', fileVersion: 10.0.22621.2506
C:\Windows\System32\DEVOBJ.dll:DEVOBJ.dll (00007FFA92B30000), size: 180224 (result: 0), SymType: '-exported-', PDB: 'C:\Windows\System32\DEVOBJ.dll', fileVersion: 10.0.22621.2506
C:\Windows\SYSTEM32\d3d11.dll:d3d11.dll (00007FFA8F0A0000), size: 2453504 (result: 0), SymType: '-nosymbols-', PDB: 'C:\Windows\SYSTEM32\d3d11.dll', fileVersion: 10.0.22621.2506
C:\Windows\SYSTEM32\dxgi.dll:dxgi.dll (00007FFA90550000), size: 1015808 (result: 0), SymType: '-nosymbols-', PDB: 'C:\Windows\SYSTEM32\dxgi.dll', fileVersion: 10.0.22621.2506
C:\Windows\SYSTEM32\directxdatabasehelper.dll:directxdatabasehelper.dll (00007FFA88D30000), size: 303104 (result: 0), SymType: '-nosymbols-', PDB: 'C:\Windows\SYSTEM32\directxdatabasehelper.dll', fileVersion: 10.0.22621.2506
C:\Windows\System32\DriverStore\FileRepository\u0397033.inf_amd64_bf2b1fc18ba7195d\B396953\aticfx64.dll:aticfx64.dll (00007FFA86300000), size: 1814528 (result: 0), SymType: '-exported-', PDB: 'C:\Windows\System32\DriverStore\FileRepository\u0397033.inf_amd64_bf2b1fc18ba7195d\B396953\aticfx64.dll', fileVersion: 31.0.21905.1001
C:\Windows\System32\DriverStore\FileRepository\u0397033.inf_amd64_bf2b1fc18ba7195d\B396953\atiuxp64.dll:atiuxp64.dll (00007FFA862C0000), size: 233472 (result: 0), SymType: '-nosymbols-', PDB: 'C:\Windows\System32\DriverStore\FileRepository\u0397033.inf_amd64_bf2b1fc18ba7195d\B396953\atiuxp64.dll', fileVersion: 31.0.21905.1001
C:\Windows\System32\DriverStore\FileRepository\u0397033.inf_amd64_bf2b1fc18ba7195d\B396953\atidxx64.dll:atidxx64.dll (00007FFA821D0000), size: 32972800 (result: 0), SymType: '-nosymbols-', PDB: 'C:\Windows\System32\DriverStore\FileRepository\u0397033.inf_amd64_bf2b1fc18ba7195d\B396953\atidxx64.dll', fileVersion: 31.0.21905.1001
C:\Windows\SYSTEM32\apphelp.dll:apphelp.dll (00007FFA90240000), size: 618496 (result: 0), SymType: '-exported-', PDB: 'C:\Windows\SYSTEM32\apphelp.dll', fileVersion: 10.0.22621.2506
C:\Windows\SYSTEM32\amdihk64.dll:amdihk64.dll (00007FFA85F80000), size: 217088 (result: 0), SymType: '-nosymbols-', PDB: 'C:\Windows\SYSTEM32\amdihk64.dll', fileVersion: 2.0.0.1788
C:\Windows\system32\wbem\wbemprox.dll:wbemprox.dll (00007FFA7D670000), size: 65536 (result: 0), SymType: '-nosymbols-', PDB: 'C:\Windows\system32\wbem\wbemprox.dll', fileVersion: 10.0.22621.2792
C:\Windows\SYSTEM32\wbemcomn.dll:wbemcomn.dll (00007FFA80C30000), size: 524288 (result: 0), SymType: '-nosymbols-', PDB: 'C:\Windows\SYSTEM32\wbemcomn.dll', fileVersion: 10.0.22621.2506
C:\Windows\system32\wbem\wbemsvc.dll:wbemsvc.dll (00007FFA7EE70000), size: 81920 (result: 0), SymType: '-exported-', PDB: 'C:\Windows\system32\wbem\wbemsvc.dll', fileVersion: 10.0.22621.2792
C:\Windows\system32\wbem\fastprox.dll:fastprox.dll (00007FFA7D290000), size: 1015808 (result: 0), SymType: '-nosymbols-', PDB: 'C:\Windows\system32\wbem\fastprox.dll', fileVersion: 10.0.22621.2506
C:\Windows\SYSTEM32\amsi.dll:amsi.dll (00007FFA7CB20000), size: 118784 (result: 0), SymType: '-nosymbols-', PDB: 'C:\Windows\SYSTEM32\amsi.dll', fileVersion: 10.0.22621.1
C:\Windows\SYSTEM32\USERENV.dll:USERENV.dll (00007FFA92490000), size: 180224 (result: 0), SymType: '-nosymbols-', PDB: 'C:\Windows\SYSTEM32\USERENV.dll', fileVersion: 10.0.22621.2506
C:\ProgramData\Microsoft\Windows Defender\Platform\4.18.23110.3-0\MpOav.dll:MpOav.dll (00007FFA7CBC0000), size: 507904 (result: 0), SymType: '-nosymbols-', PDB: 'C:\ProgramData\Microsoft\Windows Defender\Platform\4.18.23110.3-0\MpOav.dll', fileVersion: 4.18.23110.3
C:\Windows\SYSTEM32\opencl.dll:opencl.dll (00007FFA73BB0000), size: 516096 (result: 0), SymType: '-nosymbols-', PDB: 'C:\Windows\SYSTEM32\opencl.dll', fileVersion: 3.0.1.0
C:\Program Files\Unity\Hub\Editor\2022.3.17f1\Editor\radeonrays.dll:radeonrays.dll (00007FFA379B0000), size: 557056 (result: 0), SymType: '-exported-', PDB: 'C:\Program Files\Unity\Hub\Editor\2022.3.17f1\Editor\radeonrays.dll'
C:\Program Files\Unity\Hub\Editor\2022.3.17f1\Editor\Data\MonoBleedingEdge\EmbedRuntime\mono-2.0-bdwgc.dll:mono-2.0-bdwgc.dll (00007FFA29E90000), size: 10825728 (result: 0), SymType: '-nosymbols-', PDB: 'C:\Program Files\Unity\Hub\Editor\2022.3.17f1\Editor\Data\MonoBleedingEdge\EmbedRuntime\mono-2.0-bdwgc.dll'
C:\Windows\SYSTEM32\dbghelp.dll:dbghelp.dll (00007FFA8C340000), size: 2306048 (result: 0), SymType: '-nosymbols-', PDB: 'C:\Windows\SYSTEM32\dbghelp.dll', fileVersion: 10.0.22621.2506
  ERROR: SymGetSymFromAddr64, GetLastError: '    .' (Address: 00007FFA92F5567C)
0x00007FFA92F5567C (KERNELBASE) (function-name not available)
  ERROR: SymGetSymFromAddr64, GetLastError: '    .' (Address: 00007FFA29F00C0C)
0x00007FFA29F00C0C (mono-2.0-bdwgc) (function-name not available)
  ERROR: SymGetSymFromAddr64, GetLastError: '    .' (Address: 00007FFA29EEC822)
0x00007FFA29EEC822 (mono-2.0-bdwgc) (function-name not available)
  ERROR: SymGetSymFromAddr64, GetLastError: '    .' (Address: 00007FFA29EEC8FC)
0x00007FFA29EEC8FC (mono-2.0-bdwgc) (function-name not available)
  ERROR: SymGetSymFromAddr64, GetLastError: '    .' (Address: 00007FFA2A116A85)
0x00007FFA2A116A85 (mono-2.0-bdwgc) (function-name not available)
  ERROR: SymGetSymFromAddr64, GetLastError: '    .' (Address: 00007FFA2A11AC1A)
0x00007FFA2A11AC1A (mono-2.0-bdwgc) (function-name not available)
  ERROR: SymGetSymFromAddr64, GetLastError: '    .' (Address: 00007FFA2A11B597)
0x00007FFA2A11B597 (mono-2.0-bdwgc) (function-name not available)
  ERROR: SymGetSymFromAddr64, GetLastError: '    .' (Address: 00007FFA2A12276C)
0x00007FFA2A12276C (mono-2.0-bdwgc) (function-name not available)
  ERROR: SymGetSymFromAddr64, GetLastError: '    .' (Address: 00007FFA2A21CD78)
0x00007FFA2A21CD78 (mono-2.0-bdwgc) (function-name not available)
  ERROR: SymGetSymFromAddr64, GetLastError: '    .' (Address: 00007FFA2A21D7F8)
0x00007FFA2A21D7F8 (mono-2.0-bdwgc) (function-name not available)
  ERROR: SymGetSymFromAddr64, GetLastError: '   .' (Address: 000002BAC70603A6)
  ERROR: SymGetModuleInfo64, GetLastError: '        (DLL).' (Address: 000002BAC70603A6)
0x000002BAC70603A6 ((<unknown>)) (function-name not available)
0x000002BAED33ABB3 (Mono JIT Code) System.Text.RegularExpressions.RegexNode:Reduce ()
0x000002BAED33A90B (Mono JIT Code) System.Text.RegularExpressions.RegexNode:AddChild (System.Text.RegularExpressions.RegexNode)
0x000002BAED32FE3B (Mono JIT Code) System.Text.RegularExpressions.RegexParser:AddGroup ()
0x000002BAED3372AB (Mono JIT Code) System.Text.RegularExpressions.RegexParser:ScanRegex ()
0x000002BAED318EB3 (Mono JIT Code) System.Text.RegularExpressions.RegexParser:Parse (string,System.Text.RegularExpressions.RegexOptions)
0x000002BAED316403 (Mono JIT Code) System.Text.RegularExpressions.Regex:.ctor (string,System.Text.RegularExpressions.RegexOptions,System.TimeSpan,bool)
0x000002BAED315D2B (Mono JIT Code) System.Text.RegularExpressions.Regex:.ctor (string,System.Text.RegularExpressions.RegexOptions)
0x000002BAED31229B (Mono JIT Code) UnityEditor.AssetStoreContext:.cctor ()
0x000002BAED39B4A5 (Mono JIT Code) (wrapper runtime-invoke) object:runtime_invoke_void (object,intptr,intptr,intptr)
  ERROR: SymGetSymFromAddr64, GetLastError: '    .' (Address: 00007FFA2A124B7E)
0x00007FFA2A124B7E (mono-2.0-bdwgc) (function-name not available)
  ERROR: SymGetSymFromAddr64, GetLastError: '    .' (Address: 00007FFA2A05D204)
0x00007FFA2A05D204 (mono-2.0-bdwgc) (function-name not available)
  ERROR: SymGetSymFromAddr64, GetLastError: '    .' (Address: 00007FFA2A057FA9)
0x00007FFA2A057FA9 (mono-2.0-bdwgc) (function-name not available)
  ERROR: SymGetSymFromAddr64, GetLastError: '    .' (Address: 00007FFA29F8DDC7)
0x00007FFA29F8DDC7 (mono-2.0-bdwgc) (function-name not available)
  ERROR: SymGetSymFromAddr64, GetLastError: '    .' (Address: 00007FFA29FBFEAC)
0x00007FFA29FBFEAC (mono-2.0-bdwgc) (function-name not available)
0x000002BAED3069E2 (Mono JIT Code) (wrapper managed-to-native) System.Runtime.CompilerServices.RuntimeHelpers:RunClassConstructor (intptr)
0x000002BAED3068BB (Mono JIT Code) System.Runtime.CompilerServices.RuntimeHelpers:RunClassConstructor (System.RuntimeTypeHandle)
0x000002BAED2FE713 (Mono JIT Code) UnityEditor.EditorAssemblies:ProcessInitializeOnLoadAttributes (System.Type[])
0x000002BAED39A33B (Mono JIT Code) (wrapper runtime-invoke) <Module>:runtime_invoke_void_object (object,intptr,intptr,intptr)
  ERROR: SymGetSymFromAddr64, GetLastError: '    .' (Address: 00007FFA2A124B7E)
0x00007FFA2A124B7E (mono-2.0-bdwgc) (function-name not available)
  ERROR: SymGetSymFromAddr64, GetLastError: '    .' (Address: 00007FFA2A05D204)
0x00007FFA2A05D204 (mono-2.0-bdwgc) (function-name not available)
  ERROR: SymGetSymFromAddr64, GetLastError: '    .' (Address: 00007FFA2A05D37C)
0x00007FFA2A05D37C (mono-2.0-bdwgc) (function-name not available)
  ERROR: SymGetSymFromAddr64, GetLastError: '    .' (Address: 00007FF661F40ED4)
0x00007FF661F40ED4 (Unity) (function-name not available)
  ERROR: SymGetSymFromAddr64, GetLastError: '    .' (Address: 00007FF661F1EDC4)
0x00007FF661F1EDC4 (Unity) (function-name not available)
  ERROR: SymGetSymFromAddr64, GetLastError: '    .' (Address: 00007FF661F199D5)
0x00007FF661F199D5 (Unity) (function-name not available)
  ERROR: SymGetSymFromAddr64, GetLastError: '    .' (Address: 00007FF66206A5B3)
0x00007FF66206A5B3 (Unity) (function-name not available)
  ERROR: SymGetSymFromAddr64, GetLastError: '    .' (Address: 00007FF661F13A98)
0x00007FF661F13A98 (Unity) (function-name not available)
  ERROR: SymGetSymFromAddr64, GetLastError: '    .' (Address: 00007FF661F09779)
0x00007FF661F09779 (Unity) (function-name not available)
0x00007FF6632F9ACA (Unity) udnSetPath
  ERROR: SymGetSymFromAddr64, GetLastError: '    .' (Address: 00007FF662EA7B7B)
0x00007FF662EA7B7B (Unity) (function-name not available)
0x00007FF6633A6D65 (Unity) udnSetPath
0x00007FF6633E10F2 (Unity) udnSetPath
0x00007FF6633CD09E (Unity) udnSetPath
0x00007FF6633CED04 (Unity) udnSetPath
0x00007FF6633DF49C (Unity) udnSetPath
0x00007FF6633B2FFF (Unity) udnSetPath
0x00007FF66337DF37 (Unity) udnSetPath
0x00007FF66337DFBB (Unity) udnSetPath
  ERROR: SymGetSymFromAddr64, GetLastError: '    .' (Address: 00007FF662B8200D)
0x00007FF662B8200D (Unity) (function-name not available)
  ERROR: SymGetSymFromAddr64, GetLastError: '    .' (Address: 00007FF66300AF35)
0x00007FF66300AF35 (Unity) (function-name not available)
0x00007FF6643EA7BE (Unity) udnSetPath
  ERROR: SymGetSymFromAddr64, GetLastError: '    .' (Address: 00007FFA94F2257D)
0x00007FFA94F2257D (KERNEL32) (function-name not available)
  ERROR: SymGetSymFromAddr64, GetLastError: '    .' (Address: 00007FFA95C0AA58)
0x00007FFA95C0AA58 (ntdll) (function-name not available)

========== END OF STACKTRACE ===========

A crash has been intercepted by the crash handler. For call stack and other details, see the latest crash report generated in:
 * C:/Users/Maksim/AppData/Local/Temp/Unity/Editor/Crashes
